Analysis & Synthesis report for Voltmeter
Thu Nov 11 03:22:10 2021
Quartus Prime Version 18.1.0 Build 625 09/12/2018 SJ Lite Edition


---------------------
; Table of Contents ;
---------------------
  1. Legal Notice
  2. Analysis & Synthesis Summary
  3. Analysis & Synthesis Settings
  4. Parallel Compilation
  5. Analysis & Synthesis Messages
  6. Analysis & Synthesis Suppressed Messages



----------------
; Legal Notice ;
----------------
Copyright (C) 2018  Intel Corporation. All rights reserved.
Your use of Intel Corporation's design tools, logic functions 
and other software and tools, and its AMPP partner logic 
functions, and any output files from any of the foregoing 
(including device programming or simulation files), and any 
associated documentation or information are expressly subject 
to the terms and conditions of the Intel Program License 
Subscription Agreement, the Intel Quartus Prime License Agreement,
the Intel FPGA IP License Agreement, or other applicable license
agreement, including, without limitation, that your use is for
the sole purpose of programming logic devices manufactured by
Intel and sold by Intel or its authorized distributors.  Please
refer to the applicable agreement for further details.



+----------------------------------------------------------------------------------+
; Analysis & Synthesis Summary                                                     ;
+------------------------------------+---------------------------------------------+
; Analysis & Synthesis Status        ; Failed - Thu Nov 11 03:22:10 2021           ;
; Quartus Prime Version              ; 18.1.0 Build 625 09/12/2018 SJ Lite Edition ;
; Revision Name                      ; Voltmeter                                   ;
; Top-level Entity Name              ; Voltmeter                                   ;
; Family                             ; MAX 10                                      ;
; Total logic elements               ; N/A until Partition Merge                   ;
;     Total combinational functions  ; N/A until Partition Merge                   ;
;     Dedicated logic registers      ; N/A until Partition Merge                   ;
; Total registers                    ; N/A until Partition Merge                   ;
; Total pins                         ; N/A until Partition Merge                   ;
; Total virtual pins                 ; N/A until Partition Merge                   ;
; Total memory bits                  ; N/A until Partition Merge                   ;
; Embedded Multiplier 9-bit elements ; N/A until Partition Merge                   ;
; Total PLLs                         ; N/A until Partition Merge                   ;
; UFM blocks                         ; N/A until Partition Merge                   ;
; ADC blocks                         ; N/A until Partition Merge                   ;
+------------------------------------+---------------------------------------------+


+------------------------------------------------------------------------------------------------------------+
; Analysis & Synthesis Settings                                                                              ;
+------------------------------------------------------------------+--------------------+--------------------+
; Option                                                           ; Setting            ; Default Value      ;
+------------------------------------------------------------------+--------------------+--------------------+
; Device                                                           ; 10M50DAF484C7G     ;                    ;
; Top-level entity name                                            ; Voltmeter          ; Voltmeter          ;
; Family name                                                      ; MAX 10             ; Cyclone V          ;
; Use smart compilation                                            ; Off                ; Off                ;
; Enable parallel Assembler and Timing Analyzer during compilation ; On                 ; On                 ;
; Enable compact report table                                      ; Off                ; Off                ;
; Restructure Multiplexers                                         ; Auto               ; Auto               ;
; Create Debugging Nodes for IP Cores                              ; Off                ; Off                ;
; Preserve fewer node names                                        ; On                 ; On                 ;
; Intel FPGA IP Evaluation Mode                                    ; Enable             ; Enable             ;
; Verilog Version                                                  ; Verilog_2001       ; Verilog_2001       ;
; VHDL Version                                                     ; VHDL_1993          ; VHDL_1993          ;
; State Machine Processing                                         ; Auto               ; Auto               ;
; Safe State Machine                                               ; Off                ; Off                ;
; Extract Verilog State Machines                                   ; On                 ; On                 ;
; Extract VHDL State Machines                                      ; On                 ; On                 ;
; Ignore Verilog initial constructs                                ; Off                ; Off                ;
; Iteration limit for constant Verilog loops                       ; 5000               ; 5000               ;
; Iteration limit for non-constant Verilog loops                   ; 250                ; 250                ;
; Add Pass-Through Logic to Inferred RAMs                          ; On                 ; On                 ;
; Infer RAMs from Raw Logic                                        ; On                 ; On                 ;
; Parallel Synthesis                                               ; On                 ; On                 ;
; DSP Block Balancing                                              ; Auto               ; Auto               ;
; NOT Gate Push-Back                                               ; On                 ; On                 ;
; Power-Up Don't Care                                              ; On                 ; On                 ;
; Remove Redundant Logic Cells                                     ; Off                ; Off                ;
; Remove Duplicate Registers                                       ; On                 ; On                 ;
; Ignore CARRY Buffers                                             ; Off                ; Off                ;
; Ignore CASCADE Buffers                                           ; Off                ; Off                ;
; Ignore GLOBAL Buffers                                            ; Off                ; Off                ;
; Ignore ROW GLOBAL Buffers                                        ; Off                ; Off                ;
; Ignore LCELL Buffers                                             ; Off                ; Off                ;
; Ignore SOFT Buffers                                              ; On                 ; On                 ;
; Limit AHDL Integers to 32 Bits                                   ; Off                ; Off                ;
; Optimization Technique                                           ; Balanced           ; Balanced           ;
; Carry Chain Length                                               ; 70                 ; 70                 ;
; Auto Carry Chains                                                ; On                 ; On                 ;
; Auto Open-Drain Pins                                             ; On                 ; On                 ;
; Perform WYSIWYG Primitive Resynthesis                            ; Off                ; Off                ;
; Auto ROM Replacement                                             ; On                 ; On                 ;
; Auto RAM Replacement                                             ; On                 ; On                 ;
; Auto DSP Block Replacement                                       ; On                 ; On                 ;
; Auto Shift Register Replacement                                  ; Auto               ; Auto               ;
; Allow Shift Register Merging across Hierarchies                  ; Auto               ; Auto               ;
; Auto Clock Enable Replacement                                    ; On                 ; On                 ;
; Strict RAM Replacement                                           ; Off                ; Off                ;
; Allow Synchronous Control Signals                                ; On                 ; On                 ;
; Force Use of Synchronous Clear Signals                           ; Off                ; Off                ;
; Auto RAM Block Balancing                                         ; On                 ; On                 ;
; Auto RAM to Logic Cell Conversion                                ; Off                ; Off                ;
; Auto Resource Sharing                                            ; Off                ; Off                ;
; Allow Any RAM Size For Recognition                               ; Off                ; Off                ;
; Allow Any ROM Size For Recognition                               ; Off                ; Off                ;
; Allow Any Shift Register Size For Recognition                    ; Off                ; Off                ;
; Use LogicLock Constraints during Resource Balancing              ; On                 ; On                 ;
; Ignore translate_off and synthesis_off directives                ; Off                ; Off                ;
; Timing-Driven Synthesis                                          ; On                 ; On                 ;
; Report Parameter Settings                                        ; On                 ; On                 ;
; Report Source Assignments                                        ; On                 ; On                 ;
; Report Connectivity Checks                                       ; On                 ; On                 ;
; Ignore Maximum Fan-Out Assignments                               ; Off                ; Off                ;
; Synchronization Register Chain Length                            ; 2                  ; 2                  ;
; Power Optimization During Synthesis                              ; Normal compilation ; Normal compilation ;
; HDL message level                                                ; Level2             ; Level2             ;
; Suppress Register Optimization Related Messages                  ; Off                ; Off                ;
; Number of Removed Registers Reported in Synthesis Report         ; 5000               ; 5000               ;
; Number of Swept Nodes Reported in Synthesis Report               ; 5000               ; 5000               ;
; Number of Inverted Registers Reported in Synthesis Report        ; 100                ; 100                ;
; Clock MUX Protection                                             ; On                 ; On                 ;
; Auto Gated Clock Conversion                                      ; Off                ; Off                ;
; Block Design Naming                                              ; Auto               ; Auto               ;
; SDC constraint protection                                        ; Off                ; Off                ;
; Synthesis Effort                                                 ; Auto               ; Auto               ;
; Shift Register Replacement - Allow Asynchronous Clear Signal     ; On                 ; On                 ;
; Pre-Mapping Resynthesis Optimization                             ; Off                ; Off                ;
; Analysis & Synthesis Message Level                               ; Medium             ; Medium             ;
; Disable Register Merging Across Hierarchies                      ; Auto               ; Auto               ;
; Resource Aware Inference For Block RAM                           ; On                 ; On                 ;
+------------------------------------------------------------------+--------------------+--------------------+


+------------------------------------------+
; Parallel Compilation                     ;
+----------------------------+-------------+
; Processors                 ; Number      ;
+----------------------------+-------------+
; Number detected on machine ; 12          ;
; Maximum allowed            ; 12          ;
;                            ;             ;
; Average used               ; 1.00        ;
; Maximum used               ; 1           ;
;                            ;             ;
; Usage by Processor         ; % Time Used ;
;     Processor 1            ; 100.0%      ;
+----------------------------+-------------+


+-------------------------------+
; Analysis & Synthesis Messages ;
+-------------------------------+
Info: *******************************************************************
Info: Running Quartus Prime Analysis & Synthesis
    Info: Version 18.1.0 Build 625 09/12/2018 SJ Lite Edition
    Info: Processing started: Thu Nov 11 03:22:02 2021
Info: Command: quartus_map --read_settings_files=on --write_settings_files=off Lab3 -c Voltmeter
Warning (18236): Number of processors has not been specified which may cause overloading on shared machines.  Set the global assignment NUM_PARALLEL_PROCESSORS in your QSF to an appropriate value for best performance.
Info (20030): Parallel compilation is enabled and will use 12 of the 12 processors detected
Info (12021): Found 2 design units, including 1 entities, in source file sevensegment_decoder.vhd
    Info (12022): Found design unit 1: SevenSegment_decoder-Behavioral File: H:/Github/NasihNazeem/ENEL-453-Labs/SevenSegment_decoder.vhd Line: 13
    Info (12023): Found entity 1: SevenSegment_decoder File: H:/Github/NasihNazeem/ENEL-453-Labs/SevenSegment_decoder.vhd Line: 5
Info (12021): Found 2 design units, including 1 entities, in source file registers.vhd
    Info (12022): Found design unit 1: registers-rtl File: H:/Github/NasihNazeem/ENEL-453-Labs/registers.vhd Line: 17
    Info (12023): Found entity 1: registers File: H:/Github/NasihNazeem/ENEL-453-Labs/registers.vhd Line: 4
Info (12021): Found 2 design units, including 1 entities, in source file binary_bcd.vhd
    Info (12022): Found design unit 1: binary_bcd-behavior File: H:/Github/NasihNazeem/ENEL-453-Labs/binary_bcd.vhd Line: 19
    Info (12023): Found entity 1: binary_bcd File: H:/Github/NasihNazeem/ENEL-453-Labs/binary_bcd.vhd Line: 8
Info (12021): Found 2 design units, including 1 entities, in source file averager.vhd
    Info (12022): Found design unit 1: averager-rtl File: H:/Github/NasihNazeem/ENEL-453-Labs/averager.vhd Line: 15
    Info (12023): Found entity 1: averager File: H:/Github/NasihNazeem/ENEL-453-Labs/averager.vhd Line: 6
Info (12021): Found 3 design units, including 1 entities, in source file sevensegment.vhd
    Info (12022): Found design unit 1: HexArrays File: H:/Github/NasihNazeem/ENEL-453-Labs/SevenSegment.vhd Line: 5
    Info (12022): Found design unit 2: SevenSegment-Behavioral File: H:/Github/NasihNazeem/ENEL-453-Labs/SevenSegment.vhd Line: 21
    Info (12023): Found entity 1: SevenSegment File: H:/Github/NasihNazeem/ENEL-453-Labs/SevenSegment.vhd Line: 15
Info (12021): Found 1 design units, including 1 entities, in source file adc_conversion.v
    Info (12023): Found entity 1: ADC_Conversion File: H:/Github/NasihNazeem/ENEL-453-Labs/ADC_Conversion.v Line: 34
Info (12021): Found 1 design units, including 1 entities, in source file adc_qsys/synthesis/adc_qsys.v
    Info (12023): Found entity 1: adc_qsys File: H:/Github/NasihNazeem/ENEL-453-Labs/adc_qsys/synthesis/adc_qsys.v Line: 6
Info (12021): Found 1 design units, including 1 entities, in source file adc_qsys/synthesis/submodules/altera_reset_controller.v
    Info (12023): Found entity 1: altera_reset_controller File: H:/Github/NasihNazeem/ENEL-453-Labs/adc_qsys/synthesis/submodules/altera_reset_controller.v Line: 42
Info (12021): Found 1 design units, including 1 entities, in source file adc_qsys/synthesis/submodules/altera_reset_synchronizer.v
    Info (12023): Found entity 1: altera_reset_synchronizer File: H:/Github/NasihNazeem/ENEL-453-Labs/adc_qsys/synthesis/submodules/altera_reset_synchronizer.v Line: 24
Info (12021): Found 1 design units, including 1 entities, in source file adc_qsys/synthesis/submodules/adc_qsys_modular_adc_0.v
    Info (12023): Found entity 1: adc_qsys_modular_adc_0 File: H:/Github/NasihNazeem/ENEL-453-Labs/adc_qsys/synthesis/submodules/adc_qsys_modular_adc_0.v Line: 9
Info (12021): Found 1 design units, including 1 entities, in source file adc_qsys/synthesis/submodules/altera_modular_adc_control.v
    Info (12023): Found entity 1: altera_modular_adc_control File: H:/Github/NasihNazeem/ENEL-453-Labs/adc_qsys/synthesis/submodules/altera_modular_adc_control.v Line: 18
Info (12021): Found 1 design units, including 1 entities, in source file adc_qsys/synthesis/submodules/altera_modular_adc_control_avrg_fifo.v
    Info (12023): Found entity 1: altera_modular_adc_control_avrg_fifo File: H:/Github/NasihNazeem/ENEL-453-Labs/adc_qsys/synthesis/submodules/altera_modular_adc_control_avrg_fifo.v Line: 53
Info (12021): Found 1 design units, including 1 entities, in source file adc_qsys/synthesis/submodules/altera_modular_adc_control_fsm.v
    Info (12023): Found entity 1: altera_modular_adc_control_fsm File: H:/Github/NasihNazeem/ENEL-453-Labs/adc_qsys/synthesis/submodules/altera_modular_adc_control_fsm.v Line: 18
Info (12021): Found 1 design units, including 1 entities, in source file adc_qsys/synthesis/submodules/chsel_code_converter_sw_to_hw.v
    Info (12023): Found entity 1: chsel_code_converter_sw_to_hw File: H:/Github/NasihNazeem/ENEL-453-Labs/adc_qsys/synthesis/submodules/chsel_code_converter_sw_to_hw.v Line: 32
Info (12021): Found 1 design units, including 1 entities, in source file adc_qsys/synthesis/submodules/fiftyfivenm_adcblock_primitive_wrapper.v
    Info (12023): Found entity 1: fiftyfivenm_adcblock_primitive_wrapper File: H:/Github/NasihNazeem/ENEL-453-Labs/adc_qsys/synthesis/submodules/fiftyfivenm_adcblock_primitive_wrapper.v Line: 37
Info (12021): Found 1 design units, including 1 entities, in source file adc_qsys/synthesis/submodules/fiftyfivenm_adcblock_top_wrapper.v
    Info (12023): Found entity 1: fiftyfivenm_adcblock_top_wrapper File: H:/Github/NasihNazeem/ENEL-453-Labs/adc_qsys/synthesis/submodules/fiftyfivenm_adcblock_top_wrapper.v Line: 31
Info (12021): Found 4 design units, including 4 entities, in source file adc_qsys/synthesis/submodules/adc_qsys_altpll_sys.v
    Info (12023): Found entity 1: adc_qsys_altpll_sys_dffpipe_l2c File: H:/Github/NasihNazeem/ENEL-453-Labs/adc_qsys/synthesis/submodules/adc_qsys_altpll_sys.v Line: 37
    Info (12023): Found entity 2: adc_qsys_altpll_sys_stdsync_sv6 File: H:/Github/NasihNazeem/ENEL-453-Labs/adc_qsys/synthesis/submodules/adc_qsys_altpll_sys.v Line: 98
    Info (12023): Found entity 3: adc_qsys_altpll_sys_altpll_oc92 File: H:/Github/NasihNazeem/ENEL-453-Labs/adc_qsys/synthesis/submodules/adc_qsys_altpll_sys.v Line: 130
    Info (12023): Found entity 4: adc_qsys_altpll_sys File: H:/Github/NasihNazeem/ENEL-453-Labs/adc_qsys/synthesis/submodules/adc_qsys_altpll_sys.v Line: 217
Info (12021): Found 2 design units, including 1 entities, in source file voltmeter.vhd
    Info (12022): Found design unit 1: Voltmeter-Behavioral File: H:/Github/NasihNazeem/ENEL-453-Labs/voltmeter.vhd Line: 16
    Info (12023): Found entity 1: Voltmeter File: H:/Github/NasihNazeem/ENEL-453-Labs/voltmeter.vhd Line: 6
Info (12021): Found 2 design units, including 1 entities, in source file voltmeter_tb.vhd
    Info (12022): Found design unit 1: Voltmeter_tb-tb File: H:/Github/NasihNazeem/ENEL-453-Labs/voltmeter_tb.vhd Line: 11
    Info (12023): Found entity 1: Voltmeter_tb File: H:/Github/NasihNazeem/ENEL-453-Labs/voltmeter_tb.vhd Line: 7
Warning (12090): Entity "mux" obtained from "mux.vhd" instead of from Quartus Prime megafunction library File: H:/Github/NasihNazeem/ENEL-453-Labs/mux.vhd Line: 4
Info (12021): Found 2 design units, including 1 entities, in source file mux.vhd
    Info (12022): Found design unit 1: mux-Behavioral File: H:/Github/NasihNazeem/ENEL-453-Labs/mux.vhd Line: 13
    Info (12023): Found entity 1: mux File: H:/Github/NasihNazeem/ENEL-453-Labs/mux.vhd Line: 4
Info (12021): Found 2 design units, including 1 entities, in source file mux_tb.vhd
    Info (12022): Found design unit 1: mux_tb-tb File: H:/Github/NasihNazeem/ENEL-453-Labs/mux_tb.vhd Line: 10
    Info (12023): Found entity 1: mux_tb File: H:/Github/NasihNazeem/ENEL-453-Labs/mux_tb.vhd Line: 6
Info (12127): Elaborating entity "Voltmeter" for the top level hierarchy
Warning (10036): Verilog HDL or VHDL warning at voltmeter.vhd(23): object "busy" assigned a value but never read File: H:/Github/NasihNazeem/ENEL-453-Labs/voltmeter.vhd Line: 23
Info (12128): Elaborating entity "mux" for hierarchy "mux:multiplexer" File: H:/Github/NasihNazeem/ENEL-453-Labs/voltmeter.vhd Line: 97
Info (12128): Elaborating entity "averager" for hierarchy "averager:ave" File: H:/Github/NasihNazeem/ENEL-453-Labs/voltmeter.vhd Line: 105
Info (12128): Elaborating entity "registers" for hierarchy "registers:sync1" File: H:/Github/NasihNazeem/ENEL-453-Labs/voltmeter.vhd Line: 114
Info (12128): Elaborating entity "registers" for hierarchy "registers:sync3" File: H:/Github/NasihNazeem/ENEL-453-Labs/voltmeter.vhd Line: 134
Info (12128): Elaborating entity "SevenSegment" for hierarchy "SevenSegment:SevenSegment_ins" File: H:/Github/NasihNazeem/ENEL-453-Labs/voltmeter.vhd Line: 154
Info (12128): Elaborating entity "SevenSegment_decoder" for hierarchy "SevenSegment:SevenSegment_ins|SevenSegment_decoder:\Behavioral_Decoder:0:DECODERx" File: H:/Github/NasihNazeem/ENEL-453-Labs/SevenSegment.vhd Line: 36
Info (12128): Elaborating entity "binary_bcd" for hierarchy "binary_bcd:binary_bcd_ins" File: H:/Github/NasihNazeem/ENEL-453-Labs/voltmeter.vhd Line: 172
Warning (10036): Verilog HDL or VHDL warning at binary_bcd.vhd(22): object "counter" assigned a value but never read File: H:/Github/NasihNazeem/ENEL-453-Labs/binary_bcd.vhd Line: 22
Warning (10492): VHDL Process Statement warning at binary_bcd.vhd(55): signal "binary" is read inside the Process Statement but isn't in the Process Statement's sensitivity list File: H:/Github/NasihNazeem/ENEL-453-Labs/binary_bcd.vhd Line: 55
Warning (10492): VHDL Process Statement warning at binary_bcd.vhd(58): signal "bcd_signal" is read inside the Process Statement but isn't in the Process Statement's sensitivity list File: H:/Github/NasihNazeem/ENEL-453-Labs/binary_bcd.vhd Line: 58
Warning (10492): VHDL Process Statement warning at binary_bcd.vhd(59): signal "bcd_signal" is read inside the Process Statement but isn't in the Process Statement's sensitivity list File: H:/Github/NasihNazeem/ENEL-453-Labs/binary_bcd.vhd Line: 59
Warning (10492): VHDL Process Statement warning at binary_bcd.vhd(64): signal "bcd_signal" is read inside the Process Statement but isn't in the Process Statement's sensitivity list File: H:/Github/NasihNazeem/ENEL-453-Labs/binary_bcd.vhd Line: 64
Warning (10492): VHDL Process Statement warning at binary_bcd.vhd(65): signal "bcd_signal" is read inside the Process Statement but isn't in the Process Statement's sensitivity list File: H:/Github/NasihNazeem/ENEL-453-Labs/binary_bcd.vhd Line: 65
Warning (10492): VHDL Process Statement warning at binary_bcd.vhd(70): signal "bcd_signal" is read inside the Process Statement but isn't in the Process Statement's sensitivity list File: H:/Github/NasihNazeem/ENEL-453-Labs/binary_bcd.vhd Line: 70
Warning (10492): VHDL Process Statement warning at binary_bcd.vhd(71): signal "bcd_signal" is read inside the Process Statement but isn't in the Process Statement's sensitivity list File: H:/Github/NasihNazeem/ENEL-453-Labs/binary_bcd.vhd Line: 71
Warning (10492): VHDL Process Statement warning at binary_bcd.vhd(76): signal "bcd_signal" is read inside the Process Statement but isn't in the Process Statement's sensitivity list File: H:/Github/NasihNazeem/ENEL-453-Labs/binary_bcd.vhd Line: 76
Warning (10492): VHDL Process Statement warning at binary_bcd.vhd(77): signal "bcd_signal" is read inside the Process Statement but isn't in the Process Statement's sensitivity list File: H:/Github/NasihNazeem/ENEL-453-Labs/binary_bcd.vhd Line: 77
Warning (10492): VHDL Process Statement warning at binary_bcd.vhd(82): signal "bcd_signal" is read inside the Process Statement but isn't in the Process Statement's sensitivity list File: H:/Github/NasihNazeem/ENEL-453-Labs/binary_bcd.vhd Line: 82
Warning (10492): VHDL Process Statement warning at binary_bcd.vhd(85): signal "counter_2" is read inside the Process Statement but isn't in the Process Statement's sensitivity list File: H:/Github/NasihNazeem/ENEL-453-Labs/binary_bcd.vhd Line: 85
Warning (10492): VHDL Process Statement warning at binary_bcd.vhd(86): signal "bcd_signal" is read inside the Process Statement but isn't in the Process Statement's sensitivity list File: H:/Github/NasihNazeem/ENEL-453-Labs/binary_bcd.vhd Line: 86
Warning (10492): VHDL Process Statement warning at binary_bcd.vhd(91): signal "counter_2" is read inside the Process Statement but isn't in the Process Statement's sensitivity list File: H:/Github/NasihNazeem/ENEL-453-Labs/binary_bcd.vhd Line: 91
Warning (10631): VHDL Process Statement warning at binary_bcd.vhd(44): inferring latch(es) for signal or variable "bcd", which holds its previous value in one or more paths through the process File: H:/Github/NasihNazeem/ENEL-453-Labs/binary_bcd.vhd Line: 44
Warning (10631): VHDL Process Statement warning at binary_bcd.vhd(44): inferring latch(es) for signal or variable "bcd_signal", which holds its previous value in one or more paths through the process File: H:/Github/NasihNazeem/ENEL-453-Labs/binary_bcd.vhd Line: 44
Warning (10631): VHDL Process Statement warning at binary_bcd.vhd(44): inferring latch(es) for signal or variable "counter_2", which holds its previous value in one or more paths through the process File: H:/Github/NasihNazeem/ENEL-453-Labs/binary_bcd.vhd Line: 44
Warning (10631): VHDL Process Statement warning at binary_bcd.vhd(44): inferring latch(es) for signal or variable "busy", which holds its previous value in one or more paths through the process File: H:/Github/NasihNazeem/ENEL-453-Labs/binary_bcd.vhd Line: 44
Warning (10631): VHDL Process Statement warning at binary_bcd.vhd(44): inferring latch(es) for signal or variable "nextstate", which holds its previous value in one or more paths through the process File: H:/Github/NasihNazeem/ENEL-453-Labs/binary_bcd.vhd Line: 44
Info (10041): Inferred latch for "busy" at binary_bcd.vhd(44) File: H:/Github/NasihNazeem/ENEL-453-Labs/binary_bcd.vhd Line: 44
Info (10041): Inferred latch for "counter_2[0]" at binary_bcd.vhd(44) File: H:/Github/NasihNazeem/ENEL-453-Labs/binary_bcd.vhd Line: 44
Info (10041): Inferred latch for "counter_2[1]" at binary_bcd.vhd(44) File: H:/Github/NasihNazeem/ENEL-453-Labs/binary_bcd.vhd Line: 44
Info (10041): Inferred latch for "counter_2[2]" at binary_bcd.vhd(44) File: H:/Github/NasihNazeem/ENEL-453-Labs/binary_bcd.vhd Line: 44
Info (10041): Inferred latch for "counter_2[3]" at binary_bcd.vhd(44) File: H:/Github/NasihNazeem/ENEL-453-Labs/binary_bcd.vhd Line: 44
Info (10041): Inferred latch for "counter_2[4]" at binary_bcd.vhd(44) File: H:/Github/NasihNazeem/ENEL-453-Labs/binary_bcd.vhd Line: 44
Info (10041): Inferred latch for "counter_2[5]" at binary_bcd.vhd(44) File: H:/Github/NasihNazeem/ENEL-453-Labs/binary_bcd.vhd Line: 44
Info (10041): Inferred latch for "counter_2[6]" at binary_bcd.vhd(44) File: H:/Github/NasihNazeem/ENEL-453-Labs/binary_bcd.vhd Line: 44
Info (10041): Inferred latch for "counter_2[7]" at binary_bcd.vhd(44) File: H:/Github/NasihNazeem/ENEL-453-Labs/binary_bcd.vhd Line: 44
Info (10041): Inferred latch for "counter_2[8]" at binary_bcd.vhd(44) File: H:/Github/NasihNazeem/ENEL-453-Labs/binary_bcd.vhd Line: 44
Info (10041): Inferred latch for "counter_2[9]" at binary_bcd.vhd(44) File: H:/Github/NasihNazeem/ENEL-453-Labs/binary_bcd.vhd Line: 44
Info (10041): Inferred latch for "counter_2[10]" at binary_bcd.vhd(44) File: H:/Github/NasihNazeem/ENEL-453-Labs/binary_bcd.vhd Line: 44
Info (10041): Inferred latch for "counter_2[11]" at binary_bcd.vhd(44) File: H:/Github/NasihNazeem/ENEL-453-Labs/binary_bcd.vhd Line: 44
Info (10041): Inferred latch for "counter_2[12]" at binary_bcd.vhd(44) File: H:/Github/NasihNazeem/ENEL-453-Labs/binary_bcd.vhd Line: 44
Info (10041): Inferred latch for "counter_2[13]" at binary_bcd.vhd(44) File: H:/Github/NasihNazeem/ENEL-453-Labs/binary_bcd.vhd Line: 44
Info (10041): Inferred latch for "counter_2[14]" at binary_bcd.vhd(44) File: H:/Github/NasihNazeem/ENEL-453-Labs/binary_bcd.vhd Line: 44
Info (10041): Inferred latch for "counter_2[15]" at binary_bcd.vhd(44) File: H:/Github/NasihNazeem/ENEL-453-Labs/binary_bcd.vhd Line: 44
Info (10041): Inferred latch for "counter_2[16]" at binary_bcd.vhd(44) File: H:/Github/NasihNazeem/ENEL-453-Labs/binary_bcd.vhd Line: 44
Info (10041): Inferred latch for "counter_2[17]" at binary_bcd.vhd(44) File: H:/Github/NasihNazeem/ENEL-453-Labs/binary_bcd.vhd Line: 44
Info (10041): Inferred latch for "counter_2[18]" at binary_bcd.vhd(44) File: H:/Github/NasihNazeem/ENEL-453-Labs/binary_bcd.vhd Line: 44
Info (10041): Inferred latch for "counter_2[19]" at binary_bcd.vhd(44) File: H:/Github/NasihNazeem/ENEL-453-Labs/binary_bcd.vhd Line: 44
Info (10041): Inferred latch for "counter_2[20]" at binary_bcd.vhd(44) File: H:/Github/NasihNazeem/ENEL-453-Labs/binary_bcd.vhd Line: 44
Info (10041): Inferred latch for "counter_2[21]" at binary_bcd.vhd(44) File: H:/Github/NasihNazeem/ENEL-453-Labs/binary_bcd.vhd Line: 44
Info (10041): Inferred latch for "counter_2[22]" at binary_bcd.vhd(44) File: H:/Github/NasihNazeem/ENEL-453-Labs/binary_bcd.vhd Line: 44
Info (10041): Inferred latch for "counter_2[23]" at binary_bcd.vhd(44) File: H:/Github/NasihNazeem/ENEL-453-Labs/binary_bcd.vhd Line: 44
Info (10041): Inferred latch for "counter_2[24]" at binary_bcd.vhd(44) File: H:/Github/NasihNazeem/ENEL-453-Labs/binary_bcd.vhd Line: 44
Info (10041): Inferred latch for "counter_2[25]" at binary_bcd.vhd(44) File: H:/Github/NasihNazeem/ENEL-453-Labs/binary_bcd.vhd Line: 44
Info (10041): Inferred latch for "counter_2[26]" at binary_bcd.vhd(44) File: H:/Github/NasihNazeem/ENEL-453-Labs/binary_bcd.vhd Line: 44
Info (10041): Inferred latch for "counter_2[27]" at binary_bcd.vhd(44) File: H:/Github/NasihNazeem/ENEL-453-Labs/binary_bcd.vhd Line: 44
Info (10041): Inferred latch for "counter_2[28]" at binary_bcd.vhd(44) File: H:/Github/NasihNazeem/ENEL-453-Labs/binary_bcd.vhd Line: 44
Info (10041): Inferred latch for "counter_2[29]" at binary_bcd.vhd(44) File: H:/Github/NasihNazeem/ENEL-453-Labs/binary_bcd.vhd Line: 44
Info (10041): Inferred latch for "counter_2[30]" at binary_bcd.vhd(44) File: H:/Github/NasihNazeem/ENEL-453-Labs/binary_bcd.vhd Line: 44
Info (10041): Inferred latch for "counter_2[31]" at binary_bcd.vhd(44) File: H:/Github/NasihNazeem/ENEL-453-Labs/binary_bcd.vhd Line: 44
Info (10041): Inferred latch for "bcd_signal[0]" at binary_bcd.vhd(44) File: H:/Github/NasihNazeem/ENEL-453-Labs/binary_bcd.vhd Line: 44
Info (10041): Inferred latch for "bcd_signal[1]" at binary_bcd.vhd(44) File: H:/Github/NasihNazeem/ENEL-453-Labs/binary_bcd.vhd Line: 44
Info (10041): Inferred latch for "bcd_signal[2]" at binary_bcd.vhd(44) File: H:/Github/NasihNazeem/ENEL-453-Labs/binary_bcd.vhd Line: 44
Info (10041): Inferred latch for "bcd_signal[3]" at binary_bcd.vhd(44) File: H:/Github/NasihNazeem/ENEL-453-Labs/binary_bcd.vhd Line: 44
Info (10041): Inferred latch for "bcd_signal[4]" at binary_bcd.vhd(44) File: H:/Github/NasihNazeem/ENEL-453-Labs/binary_bcd.vhd Line: 44
Info (10041): Inferred latch for "bcd_signal[5]" at binary_bcd.vhd(44) File: H:/Github/NasihNazeem/ENEL-453-Labs/binary_bcd.vhd Line: 44
Info (10041): Inferred latch for "bcd_signal[6]" at binary_bcd.vhd(44) File: H:/Github/NasihNazeem/ENEL-453-Labs/binary_bcd.vhd Line: 44
Info (10041): Inferred latch for "bcd_signal[7]" at binary_bcd.vhd(44) File: H:/Github/NasihNazeem/ENEL-453-Labs/binary_bcd.vhd Line: 44
Info (10041): Inferred latch for "bcd_signal[8]" at binary_bcd.vhd(44) File: H:/Github/NasihNazeem/ENEL-453-Labs/binary_bcd.vhd Line: 44
Info (10041): Inferred latch for "bcd_signal[9]" at binary_bcd.vhd(44) File: H:/Github/NasihNazeem/ENEL-453-Labs/binary_bcd.vhd Line: 44
Info (10041): Inferred latch for "bcd_signal[10]" at binary_bcd.vhd(44) File: H:/Github/NasihNazeem/ENEL-453-Labs/binary_bcd.vhd Line: 44
Info (10041): Inferred latch for "bcd_signal[11]" at binary_bcd.vhd(44) File: H:/Github/NasihNazeem/ENEL-453-Labs/binary_bcd.vhd Line: 44
Info (10041): Inferred latch for "bcd_signal[12]" at binary_bcd.vhd(44) File: H:/Github/NasihNazeem/ENEL-453-Labs/binary_bcd.vhd Line: 44
Info (10041): Inferred latch for "bcd_signal[13]" at binary_bcd.vhd(44) File: H:/Github/NasihNazeem/ENEL-453-Labs/binary_bcd.vhd Line: 44
Info (10041): Inferred latch for "bcd_signal[14]" at binary_bcd.vhd(44) File: H:/Github/NasihNazeem/ENEL-453-Labs/binary_bcd.vhd Line: 44
Info (10041): Inferred latch for "bcd_signal[15]" at binary_bcd.vhd(44) File: H:/Github/NasihNazeem/ENEL-453-Labs/binary_bcd.vhd Line: 44
Info (10041): Inferred latch for "bcd_signal[16]" at binary_bcd.vhd(44) File: H:/Github/NasihNazeem/ENEL-453-Labs/binary_bcd.vhd Line: 44
Info (10041): Inferred latch for "bcd_signal[17]" at binary_bcd.vhd(44) File: H:/Github/NasihNazeem/ENEL-453-Labs/binary_bcd.vhd Line: 44
Info (10041): Inferred latch for "bcd_signal[18]" at binary_bcd.vhd(44) File: H:/Github/NasihNazeem/ENEL-453-Labs/binary_bcd.vhd Line: 44
Info (10041): Inferred latch for "bcd_signal[19]" at binary_bcd.vhd(44) File: H:/Github/NasihNazeem/ENEL-453-Labs/binary_bcd.vhd Line: 44
Info (10041): Inferred latch for "bcd_signal[20]" at binary_bcd.vhd(44) File: H:/Github/NasihNazeem/ENEL-453-Labs/binary_bcd.vhd Line: 44
Info (10041): Inferred latch for "bcd_signal[21]" at binary_bcd.vhd(44) File: H:/Github/NasihNazeem/ENEL-453-Labs/binary_bcd.vhd Line: 44
Info (10041): Inferred latch for "bcd_signal[22]" at binary_bcd.vhd(44) File: H:/Github/NasihNazeem/ENEL-453-Labs/binary_bcd.vhd Line: 44
Info (10041): Inferred latch for "bcd_signal[23]" at binary_bcd.vhd(44) File: H:/Github/NasihNazeem/ENEL-453-Labs/binary_bcd.vhd Line: 44
Info (10041): Inferred latch for "bcd_signal[24]" at binary_bcd.vhd(44) File: H:/Github/NasihNazeem/ENEL-453-Labs/binary_bcd.vhd Line: 44
Info (10041): Inferred latch for "bcd_signal[25]" at binary_bcd.vhd(44) File: H:/Github/NasihNazeem/ENEL-453-Labs/binary_bcd.vhd Line: 44
Info (10041): Inferred latch for "bcd_signal[26]" at binary_bcd.vhd(44) File: H:/Github/NasihNazeem/ENEL-453-Labs/binary_bcd.vhd Line: 44
Info (10041): Inferred latch for "bcd_signal[27]" at binary_bcd.vhd(44) File: H:/Github/NasihNazeem/ENEL-453-Labs/binary_bcd.vhd Line: 44
Info (10041): Inferred latch for "bcd_signal[28]" at binary_bcd.vhd(44) File: H:/Github/NasihNazeem/ENEL-453-Labs/binary_bcd.vhd Line: 44
Info (10041): Inferred latch for "bcd[0]" at binary_bcd.vhd(44) File: H:/Github/NasihNazeem/ENEL-453-Labs/binary_bcd.vhd Line: 44
Info (10041): Inferred latch for "bcd[1]" at binary_bcd.vhd(44) File: H:/Github/NasihNazeem/ENEL-453-Labs/binary_bcd.vhd Line: 44
Info (10041): Inferred latch for "bcd[2]" at binary_bcd.vhd(44) File: H:/Github/NasihNazeem/ENEL-453-Labs/binary_bcd.vhd Line: 44
Info (10041): Inferred latch for "bcd[3]" at binary_bcd.vhd(44) File: H:/Github/NasihNazeem/ENEL-453-Labs/binary_bcd.vhd Line: 44
Info (10041): Inferred latch for "bcd[4]" at binary_bcd.vhd(44) File: H:/Github/NasihNazeem/ENEL-453-Labs/binary_bcd.vhd Line: 44
Info (10041): Inferred latch for "bcd[5]" at binary_bcd.vhd(44) File: H:/Github/NasihNazeem/ENEL-453-Labs/binary_bcd.vhd Line: 44
Info (10041): Inferred latch for "bcd[6]" at binary_bcd.vhd(44) File: H:/Github/NasihNazeem/ENEL-453-Labs/binary_bcd.vhd Line: 44
Info (10041): Inferred latch for "bcd[7]" at binary_bcd.vhd(44) File: H:/Github/NasihNazeem/ENEL-453-Labs/binary_bcd.vhd Line: 44
Info (10041): Inferred latch for "bcd[8]" at binary_bcd.vhd(44) File: H:/Github/NasihNazeem/ENEL-453-Labs/binary_bcd.vhd Line: 44
Info (10041): Inferred latch for "bcd[9]" at binary_bcd.vhd(44) File: H:/Github/NasihNazeem/ENEL-453-Labs/binary_bcd.vhd Line: 44
Info (10041): Inferred latch for "bcd[10]" at binary_bcd.vhd(44) File: H:/Github/NasihNazeem/ENEL-453-Labs/binary_bcd.vhd Line: 44
Info (10041): Inferred latch for "bcd[11]" at binary_bcd.vhd(44) File: H:/Github/NasihNazeem/ENEL-453-Labs/binary_bcd.vhd Line: 44
Info (10041): Inferred latch for "bcd[12]" at binary_bcd.vhd(44) File: H:/Github/NasihNazeem/ENEL-453-Labs/binary_bcd.vhd Line: 44
Info (10041): Inferred latch for "bcd[13]" at binary_bcd.vhd(44) File: H:/Github/NasihNazeem/ENEL-453-Labs/binary_bcd.vhd Line: 44
Info (10041): Inferred latch for "bcd[14]" at binary_bcd.vhd(44) File: H:/Github/NasihNazeem/ENEL-453-Labs/binary_bcd.vhd Line: 44
Info (10041): Inferred latch for "bcd[15]" at binary_bcd.vhd(44) File: H:/Github/NasihNazeem/ENEL-453-Labs/binary_bcd.vhd Line: 44
Info (10041): Inferred latch for "nextstate.s6" at binary_bcd.vhd(46) File: H:/Github/NasihNazeem/ENEL-453-Labs/binary_bcd.vhd Line: 46
Info (10041): Inferred latch for "nextstate.S5" at binary_bcd.vhd(46) File: H:/Github/NasihNazeem/ENEL-453-Labs/binary_bcd.vhd Line: 46
Info (10041): Inferred latch for "nextstate.S4" at binary_bcd.vhd(46) File: H:/Github/NasihNazeem/ENEL-453-Labs/binary_bcd.vhd Line: 46
Info (10041): Inferred latch for "nextstate.S3" at binary_bcd.vhd(46) File: H:/Github/NasihNazeem/ENEL-453-Labs/binary_bcd.vhd Line: 46
Info (10041): Inferred latch for "nextstate.S2" at binary_bcd.vhd(46) File: H:/Github/NasihNazeem/ENEL-453-Labs/binary_bcd.vhd Line: 46
Info (10041): Inferred latch for "nextstate.S1" at binary_bcd.vhd(46) File: H:/Github/NasihNazeem/ENEL-453-Labs/binary_bcd.vhd Line: 46
Info (10041): Inferred latch for "nextstate.S0" at binary_bcd.vhd(46) File: H:/Github/NasihNazeem/ENEL-453-Labs/binary_bcd.vhd Line: 46
Error (12006): Node instance "ADC_Conversion_ins" instantiates undefined entity "test_DE10_Lite". Ensure that required library paths are specified correctly, define the specified entity, or change the instantiation. If this entity represents Intel FPGA or third-party IP, generate the synthesis files for the IP. File: H:/Github/NasihNazeem/ENEL-453-Labs/voltmeter.vhd Line: 160
Info (144001): Generated suppressed messages file H:/Github/NasihNazeem/ENEL-453-Labs/output_files/Voltmeter.map.smsg
Error: Quartus Prime Analysis & Synthesis was unsuccessful. 1 error, 22 warnings
    Error: Peak virtual memory: 4780 megabytes
    Error: Processing ended: Thu Nov 11 03:22:10 2021
    Error: Elapsed time: 00:00:08
    Error: Total CPU time (on all processors): 00:00:15


+------------------------------------------+
; Analysis & Synthesis Suppressed Messages ;
+------------------------------------------+
The suppressed messages can be found in H:/Github/NasihNazeem/ENEL-453-Labs/output_files/Voltmeter.map.smsg.


